This is XeTeX, Version 3.1415926-2.4-0.9998 (TeX Live 2012/Debian) (format=xelatex 2014.4.1)  28 OCT 2014 12:51
entering extended mode
 restricted \write18 enabled.
 %&-line parsing enabled.
**thesis.tex
(./thesis.tex
LaTeX2e <2011/06/27>
Babel <v3.8m> and hyphenation patterns for english, dumylang, nohyphenation, et
hiopic, farsi, arabic, pinyin, croatian, bulgarian, ukrainian, russian, slovak,
 czech, danish, dutch, usenglishmax, ukenglish, finnish, french, basque, ngerma
n, german, swissgerman, ngerman-x-2012-05-30, german-x-2012-05-30, monogreek, g
reek, ibycus, ancientgreek, hungarian, bengali, tamil, hindi, telugu, gujarati,
 sanskrit, malayalam, kannada, assamese, marathi, oriya, panjabi, italian, lati
n, latvian, lithuanian, mongolian, mongolianlmc, nynorsk, bokmal, indonesian, e
speranto, coptic, welsh, irish, interlingua, serbian, serbianc, slovenian, friu
lan, romansh, estonian, romanian, armenian, uppersorbian, turkish, afrikaans, i
celandic, kurmanji, polish, portuguese, galician, catalan, spanish, swedish, th
ai, loaded.
(./harvard-thesis.cls
Document Class: harvard-thesis 2012/04/05 v0.4 Harvard University Thesis Class
(/usr/share/texlive/texmf-dist/tex/latex/base/book.cls
Document Class: book 2007/10/19 v1.4h Standard LaTeX document class
(/usr/share/texlive/texmf-dist/tex/latex/base/bk11.clo
File: bk11.clo 2007/10/19 v1.4h Standard LaTeX file (size option)
)
\c@part=\count80
\c@chapter=\count81
\c@section=\count82
\c@subsection=\count83
\c@subsubsection=\count84
\c@paragraph=\count85
\c@subparagraph=\count86
\c@figure=\count87
\c@table=\count88
\abovecaptionskip=\skip41
\belowcaptionskip=\skip42
\bibindent=\dimen102
)
(/usr/share/texlive/texmf-dist/tex/latex/graphics/graphicx.sty
Package: graphicx 1999/02/16 v1.0f Enhanced LaTeX Graphics (DPC,SPQR)

(/usr/share/texlive/texmf-dist/tex/latex/graphics/keyval.sty
Package: keyval 1999/03/16 v1.13 key=value parser (DPC)
\KV@toks@=\toks14
)
(/usr/share/texlive/texmf-dist/tex/latex/graphics/graphics.sty
Package: graphics 2009/02/05 v1.0o Standard LaTeX Graphics (DPC,SPQR)

(/usr/share/texlive/texmf-dist/tex/latex/graphics/trig.sty
Package: trig 1999/03/16 v1.09 sin cos tan (DPC)
)
(/usr/share/texlive/texmf-dist/tex/latex/latexconfig/graphics.cfg
File: graphics.cfg 2010/04/23 v1.9 graphics configuration of TeX Live
)
Package graphics Info: Driver file: xetex.def on input line 91.

(/usr/share/texlive/texmf-dist/tex/xelatex/xetex-def/xetex.def
File: xetex.def 2009/11/22 v0.94 LaTeX color/graphics driver for XeTeX (RRM/JK)

))
\Gin@req@height=\dimen103
\Gin@req@width=\dimen104
)
(/usr/share/texlive/texmf-dist/tex/latex/hyperref/hyperref.sty
Package: hyperref 2012/05/13 v6.82q Hypertext links for LaTeX

(/usr/share/texlive/texmf-dist/tex/generic/oberdiek/hobsub-hyperref.sty
Package: hobsub-hyperref 2012/05/28 v1.13 Bundle oberdiek, subset hyperref (HO)


(/usr/share/texlive/texmf-dist/tex/generic/oberdiek/hobsub-generic.sty
Package: hobsub-generic 2012/05/28 v1.13 Bundle oberdiek, subset generic (HO)
Package: hobsub 2012/05/28 v1.13 Construct package bundles (HO)
Package: infwarerr 2010/04/08 v1.3 Providing info/warning/error messages (HO)
Package: ltxcmds 2011/11/09 v1.22 LaTeX kernel commands for general use (HO)
Package: ifluatex 2010/03/01 v1.3 Provides the ifluatex switch (HO)
Package ifluatex Info: LuaTeX not detected.
Package: ifvtex 2010/03/01 v1.5 Detect VTeX and its facilities (HO)
Package ifvtex Info: VTeX not detected.
Package: intcalc 2007/09/27 v1.1 Expandable calculations with integers (HO)
Package: ifpdf 2011/01/30 v2.3 Provides the ifpdf switch (HO)
Package ifpdf Info: pdfTeX in PDF mode is not detected.
Package: etexcmds 2011/02/16 v1.5 Avoid name clashes with e-TeX commands (HO)
Package etexcmds Info: Could not find \expanded.
(etexcmds)             That can mean that you are not using pdfTeX 1.50 or
(etexcmds)             that some package has redefined \expanded.
(etexcmds)             In the latter case, load this package earlier.
Package: kvsetkeys 2012/04/25 v1.16 Key value parser (HO)
Package: kvdefinekeys 2011/04/07 v1.3 Define keys (HO)
Package: pdftexcmds 2011/11/29 v0.20 Utility functions of pdfTeX for LuaTeX (HO
)
Package pdftexcmds Info: LuaTeX not detected.
Package pdftexcmds Info: pdfTeX >= 1.30 not detected.
Package pdftexcmds Info: \pdf@primitive is available.
Package pdftexcmds Info: \pdf@ifprimitive is available.
Package pdftexcmds Info: \pdfdraftmode not found.
Package: pdfescape 2011/11/25 v1.13 Implements pdfTeX's escape features (HO)
Package: bigintcalc 2012/04/08 v1.3 Expandable calculations on big integers (HO
)
Package: bitset 2011/01/30 v1.1 Handle bit-vector datatype (HO)
Package: uniquecounter 2011/01/30 v1.2 Provide unlimited unique counter (HO)
)
Package hobsub Info: Skipping package `hobsub' (already loaded).
Package: letltxmacro 2010/09/02 v1.4 Let assignment for LaTeX macros (HO)
Package: hopatch 2012/05/28 v1.2 Wrapper for package hooks (HO)
Package: xcolor-patch 2011/01/30 xcolor patch
Package: atveryend 2011/06/30 v1.8 Hooks at the very end of document (HO)
Package atveryend Info: \enddocument detected (standard20110627).
Package: atbegshi 2011/10/05 v1.16 At begin shipout hook (HO)
Package: refcount 2011/10/16 v3.4 Data extraction from label references (HO)
Package: hycolor 2011/01/30 v1.7 Color options for hyperref/bookmark (HO)
)
(/usr/share/texlive/texmf-dist/tex/generic/ifxetex/ifxetex.sty
Package: ifxetex 2010/09/12 v0.6 Provides ifxetex conditional
)
(/usr/share/texlive/texmf-dist/tex/latex/oberdiek/kvoptions.sty
Package: kvoptions 2011/06/30 v3.11 Key value format for package options (HO)
)
\@linkdim=\dimen105
\Hy@linkcounter=\count89
\Hy@pagecounter=\count90

(/usr/share/texlive/texmf-dist/tex/latex/hyperref/pd1enc.def
File: pd1enc.def 2012/05/13 v6.82q Hyperref: PDFDocEncoding definition (HO)
)
\Hy@SavedSpaceFactor=\count91

(/usr/share/texlive/texmf-dist/tex/xelatex/xetexconfig/hyperref.cfg
File: hyperref.cfg 2008/07/11 v1.2 hyperref configuration for XeLaTeX
)
Package hyperref Info: Hyper figures OFF on input line 4062.
Package hyperref Info: Link nesting OFF on input line 4067.
Package hyperref Info: Hyper index ON on input line 4070.
Package hyperref Info: Plain pages OFF on input line 4077.
Package hyperref Info: Backreferencing OFF on input line 4082.
Package hyperref Info: Implicit mode ON; LaTeX internals redefined.
Package hyperref Info: Bookmarks ON on input line 4300.
\c@Hy@tempcnt=\count92

(/usr/share/texlive/texmf-dist/tex/latex/url/url.sty
\Urlmuskip=\muskip10
Package: url 2006/04/12  ver 3.3  Verb mode for urls, etc.
)
LaTeX Info: Redefining \url on input line 4653.
\Fld@menulength=\count93
\Field@Width=\dimen106
\Fld@charsize=\dimen107
Package hyperref Info: Hyper figures OFF on input line 5773.
Package hyperref Info: Link nesting OFF on input line 5778.
Package hyperref Info: Hyper index ON on input line 5781.
Package hyperref Info: backreferencing OFF on input line 5788.
Package hyperref Info: Link coloring OFF on input line 5793.
Package hyperref Info: Link coloring with OCG OFF on input line 5798.
Package hyperref Info: PDF/A mode OFF on input line 5803.
LaTeX Info: Redefining \ref on input line 5843.
LaTeX Info: Redefining \pageref on input line 5847.
\Hy@abspage=\count94
\c@Item=\count95
\c@Hfootnote=\count96
)

Package hyperref Message: Driver (autodetected): hxetex.

(/usr/share/texlive/texmf-dist/tex/latex/hyperref/hxetex.def
File: hxetex.def 2012/05/13 v6.82q Hyperref driver for XeTeX

(/usr/share/texlive/texmf-dist/tex/latex/hyperref/puenc.def
File: puenc.def 2012/05/13 v6.82q Hyperref: PDF Unicode definition (HO)
)
(/usr/share/texlive/texmf-dist/tex/generic/oberdiek/stringenc.sty
Package: stringenc 2011/12/02 v1.10 Convert strings between diff. encodings (HO
)
)
\pdfm@box=\box26
\c@Hy@AnnotLevel=\count97
\HyField@AnnotCount=\count98
\Fld@listcount=\count99
\c@bookmark@seq@number=\count100

(/usr/share/texlive/texmf-dist/tex/latex/oberdiek/rerunfilecheck.sty
Package: rerunfilecheck 2011/04/15 v1.7 Rerun checks for auxiliary files (HO)
Package rerunfilecheck Info: Feature \pdfmdfivesum is not available
(rerunfilecheck)             (e.g. pdfTeX or LuaTeX with package `pdftexcmds').

(rerunfilecheck)             Therefore file contents cannot be checked efficien
tly
(rerunfilecheck)             and the loading of the package is aborted.
)
\Hy@SectionHShift=\skip43
)
(/usr/share/texlive/texmf-dist/tex/latex/listings/listings.sty
\lst@mode=\count101
\lst@gtempboxa=\box27
\lst@token=\toks15
\lst@length=\count102
\lst@currlwidth=\dimen108
\lst@column=\count103
\lst@pos=\count104
\lst@lostspace=\dimen109
\lst@width=\dimen110
\lst@newlines=\count105
\lst@lineno=\count106
\lst@maxwidth=\dimen111

(/usr/share/texlive/texmf-dist/tex/latex/listings/lstmisc.sty
File: lstmisc.sty 2007/02/22 1.4 (Carsten Heinz)
\c@lstnumber=\count107
\lst@skipnumbers=\count108
\lst@framebox=\box28
)
(/usr/share/texlive/texmf-dist/tex/latex/listings/listings.cfg
File: listings.cfg 2007/02/22 1.4 listings configuration
))
Package: listings 2007/02/22 1.4 (Carsten Heinz)
Package hyperref Info: Option `linktocpage' set `true' on input line 29.
Package hyperref Info: Option `colorlinks' set `true' on input line 29.

(/usr/share/texlive/texmf-dist/tex/latex/amsmath/amsmath.sty
Package: amsmath 2000/07/18 v2.13 AMS math features
\@mathmargin=\skip44

For additional information on amsmath, use the `?' option.
(/usr/share/texlive/texmf-dist/tex/latex/amsmath/amstext.sty
Package: amstext 2000/06/29 v2.01

(/usr/share/texlive/texmf-dist/tex/latex/amsmath/amsgen.sty
File: amsgen.sty 1999/11/30 v2.0
\@emptytoks=\toks16
\ex@=\dimen112
))
(/usr/share/texlive/texmf-dist/tex/latex/amsmath/amsbsy.sty
Package: amsbsy 1999/11/29 v1.2d
\pmbraise@=\dimen113
)
(/usr/share/texlive/texmf-dist/tex/latex/amsmath/amsopn.sty
Package: amsopn 1999/12/14 v2.01 operator names
)
\inf@bad=\count109
LaTeX Info: Redefining \frac on input line 211.
\uproot@=\count110
\leftroot@=\count111
LaTeX Info: Redefining \overline on input line 307.
\classnum@=\count112
\DOTSCASE@=\count113
LaTeX Info: Redefining \ldots on input line 379.
LaTeX Info: Redefining \dots on input line 382.
LaTeX Info: Redefining \cdots on input line 467.
\Mathstrutbox@=\box29
\strutbox@=\box30
\big@size=\dimen114
LaTeX Font Info:    Redeclaring font encoding OML on input line 567.
LaTeX Font Info:    Redeclaring font encoding OMS on input line 568.
\macc@depth=\count114
\c@MaxMatrixCols=\count115
\dotsspace@=\muskip11
\c@parentequation=\count116
\dspbrk@lvl=\count117
\tag@help=\toks17
\row@=\count118
\column@=\count119
\maxfields@=\count120
\andhelp@=\toks18
\eqnshift@=\dimen115
\alignsep@=\dimen116
\tagshift@=\dimen117
\tagwidth@=\dimen118
\totwidth@=\dimen119
\lineht@=\dimen120
\@envbody=\toks19
\multlinegap=\skip45
\multlinetaggap=\skip46
\mathdisplay@stack=\toks20
LaTeX Info: Redefining \[ on input line 2666.
LaTeX Info: Redefining \] on input line 2667.
)
(/usr/share/texlive/texmf-dist/tex/latex/amsfonts/amssymb.sty
Package: amssymb 2009/06/22 v3.00

(/usr/share/texlive/texmf-dist/tex/latex/amsfonts/amsfonts.sty
Package: amsfonts 2009/06/22 v3.00 Basic AMSFonts support
\symAMSa=\mathgroup4
\symAMSb=\mathgroup5
LaTeX Font Info:    Overwriting math alphabet `\mathfrak' in version `bold'
(Font)                  U/euf/m/n --> U/euf/b/n on input line 96.
))
(/usr/share/texlive/texmf-dist/tex/latex/natbib/natbib.sty
Package: natbib 2010/09/13 8.31b (PWD, AO)
\bibhang=\skip47
\bibsep=\skip48
LaTeX Info: Redefining \cite on input line 694.
\c@NAT@ctr=\count121
)
(/usr/share/texlive/texmf-dist/tex/latex/titlesec/titlesec.sty
Package: titlesec 2011/12/15 v2.10.0 Sectioning titles
\ttl@box=\box31
\beforetitleunit=\skip49
\aftertitleunit=\skip50
\ttl@plus=\dimen121
\ttl@minus=\dimen122
\ttl@toksa=\toks21
\titlewidth=\dimen123
\titlewidthlast=\dimen124
\titlewidthfirst=\dimen125
)
(/usr/share/texlive/texmf-dist/tex/latex/units/units.sty
Package: units 1998/08/04 v0.9b Typesetting units

(/usr/share/texlive/texmf-dist/tex/latex/base/ifthen.sty
Package: ifthen 2001/05/26 v1.1c Standard LaTeX ifthen package (DPC)
)
(/usr/share/texlive/texmf-dist/tex/latex/units/nicefrac.sty
Package: nicefrac 1998/08/04 v0.9b Nice fractions
\L@UnitsRaiseDisplaystyle=\skip51
\L@UnitsRaiseTextstyle=\skip52
\L@UnitsRaiseScriptstyle=\skip53
LaTeX Info: Redefining \nicefrac on input line 131.
))
(/usr/share/texlive/texmf-dist/tex/latex/tools/verbatim.sty
Package: verbatim 2003/08/22 v1.5q LaTeX2e package for verbatim enhancements
\every@verbatim=\toks22
\verbatim@line=\toks23
\verbatim@in@stream=\read1
)
(/usr/share/texlive/texmf-dist/tex/latex/graphics/color.sty
Package: color 2005/11/14 v1.0j Standard LaTeX Color (DPC)

(/usr/share/texlive/texmf-dist/tex/latex/latexconfig/color.cfg
File: color.cfg 2007/01/18 v1.5 color configuration of teTeX/TeXLive
)
Package color Info: Driver file: xetex.def on input line 130.
)
(/usr/share/texlive/texmf-dist/tex/latex/tocloft/tocloft.sty
Package: tocloft 2010/10/13 v2.3e parameterised ToC, etc., typesetting
Package tocloft Info: The document has chapter divisions on input line 43.
\cftparskip=\skip54
\cftbeforetoctitleskip=\skip55
\cftaftertoctitleskip=\skip56
\cftbeforepartskip=\skip57
\cftpartnumwidth=\skip58
\cftpartindent=\skip59
\cftbeforechapskip=\skip60
\cftchapindent=\skip61
\cftchapnumwidth=\skip62
\cftbeforesecskip=\skip63
\cftsecindent=\skip64
\cftsecnumwidth=\skip65
\cftbeforesubsecskip=\skip66
\cftsubsecindent=\skip67
\cftsubsecnumwidth=\skip68
\cftbeforesubsubsecskip=\skip69
\cftsubsubsecindent=\skip70
\cftsubsubsecnumwidth=\skip71
\cftbeforeparaskip=\skip72
\cftparaindent=\skip73
\cftparanumwidth=\skip74
\cftbeforesubparaskip=\skip75
\cftsubparaindent=\skip76
\cftsubparanumwidth=\skip77
\cftbeforeloftitleskip=\skip78
\cftafterloftitleskip=\skip79
\cftbeforefigskip=\skip80
\cftfigindent=\skip81
\cftfignumwidth=\skip82
\c@lofdepth=\count122
\c@lotdepth=\count123
\cftbeforelottitleskip=\skip83
\cftafterlottitleskip=\skip84
\cftbeforetabskip=\skip85
\cfttabindent=\skip86
\cfttabnumwidth=\skip87
)
(/usr/share/texlive/texmf-dist/tex/latex/pdfsync/pdfsync.sty
Package: pdfsync 2008/01/26 v1.1
) (./fltpage.sty
Package: fltpage 1998/10/29 v.0.3 Floats on full page (SMU)

(/usr/share/texlive/texmf-dist/tex/latex/tools/afterpage.sty
Package: afterpage 1995/10/27 v1.08 After-Page Package (DPC)
\AP@output=\toks24
\AP@partial=\box32
\AP@footins=\box33
)
\c@FP@figureC=\count124
\c@FP@tableC=\count125
\FP@floatCorpusBOX=\box34
)
(/usr/share/texlive/texmf-dist/tex/latex/natbib/bibentry.sty
Package: bibentry 2007/10/30 1.5 (PWD)
)
No file thesis.bbl.
(/usr/share/texlive/texmf-dist/tex/latex/lettrine/lettrine.sty
File: lettrine.sty 2007/08/08 v1.62 (Daniel Flipo)
\c@DefaultLines=\count126
\DefaultFindent=\dimen126
\DefaultNindent=\dimen127
\DefaultSlope=\dimen128
\L@lbox=\box35
\L@tbox=\box36
\c@L@lines=\count127
\L@Pindent=\dimen129
\L@Findent=\dimen130
\L@Nindent=\dimen131
\L@lraise=\dimen132
\L@first=\dimen133
\L@next=\dimen134
\L@slope=\dimen135
\L@height=\dimen136
\LettrineWidth=\dimen137

Loading lettrine.cfg
(/usr/share/texlive/texmf-dist/tex/latex/lettrine/lettrine.cfg))
(/usr/share/texlive/texmf-dist/tex/latex/geometry/geometry.sty
Package: geometry 2010/09/12 v5.6 Page Geometry
\Gm@cnth=\count128
\Gm@cntv=\count129
\c@Gm@tempcnt=\count130
\Gm@bindingoffset=\dimen138
\Gm@wd@mp=\dimen139
\Gm@odd@mp=\dimen140
\Gm@even@mp=\dimen141
\Gm@layoutwidth=\dimen142
\Gm@layoutheight=\dimen143
\Gm@layouthoffset=\dimen144
\Gm@layoutvoffset=\dimen145
\Gm@dimlist=\toks25
)
(/usr/share/texlive/texmf-dist/tex/latex/fancyhdr/fancyhdr.sty
\fancy@headwidth=\skip88
\f@ncyO@elh=\skip89
\f@ncyO@erh=\skip90
\f@ncyO@olh=\skip91
\f@ncyO@orh=\skip92
\f@ncyO@elf=\skip93
\f@ncyO@erf=\skip94
\f@ncyO@olf=\skip95
\f@ncyO@orf=\skip96
)
(/usr/share/texlive/texmf-dist/tex/latex/quotchap/quotchap.sty
Package: quotchap 2011/01/15 v1.0 Decorative Chapter Headings with Quotes
\@quotebox=\box37
)
Package color Info: Redefining color chaptergrey on input line 75.

(/usr/share/texlive/texmf-dist/tex/latex/titling/titling.sty
Package: titling 2009/09/04 v2.1d maketitle typesetting
\thanksmarkwidth=\skip97
\thanksmargin=\skip98
\droptitle=\skip99
)
(/usr/share/texlive/texmf-dist/tex/latex/setspace/setspace.sty
Package: setspace 2011/12/19 v6.7a set line spacing
)
(/usr/share/texlive/texmf-dist/tex/latex/booktabs/booktabs.sty
Package: booktabs 2005/04/14 v1.61803 publication quality tables
\heavyrulewidth=\dimen146
\lightrulewidth=\dimen147
\cmidrulewidth=\dimen148
\belowrulesep=\dimen149
\belowbottomsep=\dimen150
\aboverulesep=\dimen151
\abovetopsep=\dimen152
\cmidrulesep=\dimen153
\cmidrulekern=\dimen154
\defaultaddspace=\dimen155
\@cmidla=\count131
\@cmidlb=\count132
\@aboverulesep=\dimen156
\@belowrulesep=\dimen157
\@thisruleclass=\count133
\@lastruleclass=\count134
\@thisrulewidth=\dimen158
)
(/usr/share/texlive/texmf-dist/tex/latex/caption/caption.sty
Package: caption 2012/02/19 v3.2f Customizing captions (AR)

(/usr/share/texlive/texmf-dist/tex/latex/caption/caption3.sty
Package: caption3 2012/01/12 v1.4b caption3 kernel (AR)
\captionmargin=\dimen159
\captionmargin@=\dimen160
\captionwidth=\dimen161
\caption@indent=\dimen162
\caption@parindent=\dimen163
\caption@hangindent=\dimen164
)
Package caption Info: We need package `newfloat' on input line 265.

(/usr/share/texlive/texmf-dist/tex/latex/caption/newfloat.sty
Package: newfloat 2011/11/16 v1.0a Defining new floating environments (AR)
)
\c@ContinuedFloat=\count135
Package caption Info: fltpage package is loaded.
Package caption Info: hyperref package is loaded.
Package caption Info: listings package is loaded.
)
(/usr/share/texlive/texmf-dist/tex/xelatex/mathspec/mathspec.sty
Package: mathspec 2009/09/30 v0.2 LaTeX Package (Mathematics font selection for
 XeLaTeX)

(/usr/share/texlive/texmf-dist/tex/latex/etoolbox/etoolbox.sty
Package: etoolbox 2011/01/03 v2.1 e-TeX tools for LaTeX

(/usr/share/texlive/texmf-dist/tex/latex/etex-pkg/etex.sty
Package: etex 1998/03/26 v2.0 eTeX basic definition package (PEB)
\et@xins=\count136
)
\etb@tempcnta=\count137
)
(/usr/share/texlive/texmf-dist/tex/latex/fontspec/fontspec.sty
Package: fontspec 2012/05/06 v2.2b Advanced font selection for XeLaTeX/LuaLaTeX


(/usr/share/texlive/texmf-dist/tex/latex/l3kernel/expl3.sty
(/usr/share/texlive/texmf-dist/tex/latex/l3kernel/l3names.sty
(/usr/share/texlive/texmf-dist/tex/latex/l3kernel/l3bootstrap.sty
Package: l3bootstrap 2011/12/29 v3110 L3 Experimental bootstrap code
)
Package: l3names 2012/03/04 v3494 L3 Experimental namespace for primitives
)
Package: expl3 2012/04/23 v3570 L3 Experimental code bundle wrapper

(/usr/share/texlive/texmf-dist/tex/latex/l3kernel/l3basics.sty
Package: l3basics 2012/03/04 v3491 L3 Experimental basic definitions
)
(/usr/share/texlive/texmf-dist/tex/latex/l3kernel/l3expan.sty
Package: l3expan 2012/02/26 v3460 L3 Experimental argument expansion
)
(/usr/share/texlive/texmf-dist/tex/latex/l3kernel/l3tl.sty
Package: l3tl 2012/03/04 v3490 L3 Experimental token lists
)
(/usr/share/texlive/texmf-dist/tex/latex/l3kernel/l3seq.sty
Package: l3seq 2012/03/04 v3490 L3 Experimental sequences and stacks
)
(/usr/share/texlive/texmf-dist/tex/latex/l3kernel/l3int.sty
Package: l3int 2012/03/04 v3490 L3 Experimental integers
\c_max_int=\count138
\l_tmpa_int=\count139
\l_tmpb_int=\count140
\l_tmpc_int=\count141
\g_tmpa_int=\count142
\g_tmpb_int=\count143
)
(/usr/share/texlive/texmf-dist/tex/latex/l3kernel/l3quark.sty
Package: l3quark 2012/02/12 v3384 L3 Experimental quarks
)
(/usr/share/texlive/texmf-dist/tex/latex/l3kernel/l3prg.sty
Package: l3prg 2012/03/04 v3490 L3 Experimental control structures
\g_prg_map_int=\count144
)
(/usr/share/texlive/texmf-dist/tex/latex/l3kernel/l3clist.sty
Package: l3clist 2012/03/04 v3490 L3 Experimental comma separated lists
)
(/usr/share/texlive/texmf-dist/tex/latex/l3kernel/l3token.sty
Package: l3token 2012/03/04 v3491 L3 Experimental token manipulation
)
(/usr/share/texlive/texmf-dist/tex/latex/l3kernel/l3prop.sty
Package: l3prop 2012/03/04 v3490 L3 Experimental property lists
)
(/usr/share/texlive/texmf-dist/tex/latex/l3kernel/l3msg.sty
Package: l3msg 2012/04/23 v3568 L3 Experimental messages
)
(/usr/share/texlive/texmf-dist/tex/latex/l3kernel/l3file.sty
Package: l3file 2012/03/09 v3520 L3 Experimental file and I/O operations
\l_iow_stream_int=\count145
\l_iow_line_length_int=\count146
\l_iow_target_length_int=\count147
\l_iow_current_line_int=\count148
\l_iow_current_word_int=\count149
\l_iow_current_indentation_int=\count150
)
(/usr/share/texlive/texmf-dist/tex/latex/l3kernel/l3skip.sty
Package: l3skip 2012/03/05 v3499 L3 Experimental dimensions and skips
\l_tmpa_dim=\dimen165
\l_tmpb_dim=\dimen166
\l_tmpc_dim=\dimen167
\g_tmpa_dim=\dimen168
\g_tmpb_dim=\dimen169
\l_tmpa_skip=\skip100
\l_tmpb_skip=\skip101
\l_tmpc_skip=\skip102
\g_tmpa_skip=\skip103
\g_tmpb_skip=\skip104
)
(/usr/share/texlive/texmf-dist/tex/latex/l3kernel/l3keys.sty
Package: l3keys 2012/03/03 v3487 L3 Experimental key-value interfaces
\g_keyval_level_int=\count151
\l_keys_choice_int=\count152
)
(/usr/share/texlive/texmf-dist/tex/latex/l3kernel/l3fp.sty
Package: l3fp 2012/03/04 v3490 L3 Experimental floating-point operations
\c_one_hundred_million=\count153
\c_five_hundred_million=\count154
\c_one_thousand_million=\count155
\c_fp_pi_by_four_decimal_int=\count156
\c_fp_pi_by_four_extended_int=\count157
\c_fp_pi_decimal_int=\count158
\c_fp_pi_extended_int=\count159
\c_fp_two_pi_decimal_int=\count160
\c_fp_two_pi_extended_int=\count161
\l_fp_count_int=\count162
\l_fp_div_offset_int=\count163
\l_fp_exp_integer_int=\count164
\l_fp_exp_decimal_int=\count165
\l_fp_exp_extended_int=\count166
\l_fp_exp_exponent_int=\count167
\l_fp_input_a_sign_int=\count168
\l_fp_input_a_integer_int=\count169
\l_fp_input_a_decimal_int=\count170
\l_fp_input_a_exponent_int=\count171
\l_fp_input_b_sign_int=\count172
\l_fp_input_b_integer_int=\count173
\l_fp_input_b_decimal_int=\count174
\l_fp_input_b_exponent_int=\count175
\l_fp_input_a_extended_int=\count176
\l_fp_input_b_extended_int=\count177
\l_fp_mul_a_i_int=\count178
\l_fp_mul_a_ii_int=\count179
\l_fp_mul_a_iii_int=\count180
\l_fp_mul_a_iv_int=\count181
\l_fp_mul_a_v_int=\count182
\l_fp_mul_a_vi_int=\count183
\l_fp_mul_b_i_int=\count184
\l_fp_mul_b_ii_int=\count185
\l_fp_mul_b_iii_int=\count186
\l_fp_mul_b_iv_int=\count187
\l_fp_mul_b_v_int=\count188
\l_fp_mul_b_vi_int=\count189
\l_fp_mul_output_int=\count190
\l_fp_output_sign_int=\count191
\l_fp_output_integer_int=\count192
\l_fp_output_decimal_int=\count193
\l_fp_output_exponent_int=\count194
\l_fp_output_extended_int=\count195
\l_fp_round_position_int=\count196
\l_fp_round_target_int=\count197
\l_fp_split_sign_int=\count198
\l_fp_internal_int=\count199
\l_fp_trig_octant_int=\count200
\l_fp_trig_sign_int=\count201
Normal \count register pool exhausted, switching to extended pool.
\l_fp_trig_decimal_int=\count277
\l_fp_trig_extended_int=\count278
\l_fp_internal_dim=\dimen170
\l_fp_internal_skip=\skip105
)
(/usr/share/texlive/texmf-dist/tex/latex/l3kernel/l3box.sty
Package: l3box 2012/03/04 v3490 L3 Experimental boxes
\l_tmpb_box=\box38
\l_box_top_dim=\dimen171
\l_box_bottom_dim=\dimen172
\l_box_left_dim=\dimen173
\l_box_right_dim=\dimen174
\l_box_top_new_dim=\dimen175
\l_box_bottom_new_dim=\dimen176
\l_box_left_new_dim=\dimen177
\l_box_right_new_dim=\dimen178
\l_box_internal_box=\box39
)
(/usr/share/texlive/texmf-dist/tex/latex/l3kernel/l3coffins.sty
Package: l3coffins 2012/03/03 v3482 L3 Experimental coffin code layer
\l_coffin_internal_box=\box40
\l_coffin_internal_dim=\dimen179
\l_coffin_offset_x_dim=\dimen180
\l_coffin_offset_y_dim=\dimen181
\l_coffin_x_dim=\dimen182
\l_coffin_y_dim=\dimen183
\l_coffin_x_prime_dim=\dimen184
\l_coffin_y_prime_dim=\dimen185
\l_coffin_Depth_dim=\dimen186
\l_coffin_Height_dim=\dimen187
\l_coffin_TotalHeight_dim=\dimen188
\l_coffin_Width_dim=\dimen189
\c_empty_coffin=\box41
\l_coffin_aligned_coffin=\box42
\l_coffin_aligned_internal_coffin=\box43
\l_coffin_bounding_shift_dim=\dimen190
\l_coffin_left_corner_dim=\dimen191
\l_coffin_right_corner_dim=\dimen192
\l_coffin_bottom_corner_dim=\dimen193
\l_coffin_top_corner_dim=\dimen194
\l_coffin_scaled_total_height_dim=\dimen195
\l_coffin_scaled_width_dim=\dimen196
\l_coffin_display_coffin=\box44
\l_coffin_display_coord_coffin=\box45
\l_coffin_display_pole_coffin=\box46
\l_coffin_display_offset_dim=\dimen197
\l_coffin_display_x_dim=\dimen198
\l_coffin_display_y_dim=\dimen199
)
(/usr/share/texlive/texmf-dist/tex/latex/l3kernel/l3color.sty
Package: l3color 2011/09/07 v2776 L3 Experimental colour support
)
(/usr/share/texlive/texmf-dist/tex/latex/l3kernel/l3luatex.sty
Package: l3luatex 2012/02/09 v3355 L3 Experimental LuaTeX-specific functions
\g_cctab_allocate_int=\count279
\g_cctab_stack_int=\count280
))
(/usr/share/texlive/texmf-dist/tex/latex/l3packages/xparse/xparse.sty
Package: xparse 2012/04/23 v3570 L3 Experimental document command parser
\l_xparse_current_arg_int=\count281
\l_xparse_m_args_int=\count282
\l_xparse_mandatory_args_int=\count283
\l_xparse_processor_int=\count284
\l_xparse_v_nesting_int=\count285
)
\l_fontspec_script_int=\count286
\l_fontspec_language_int=\count287
\l_fontspec_strnum_int=\count288
\l_fontspec_tmpa_dim=\dimen200
\l_fontspec_tmpb_dim=\dimen201
Normal \dimen register pool exhausted, switching to extended pool.
\l_fontspec_tmpc_dim=\dimen256
Variant \tl_gset:cV already defined; not changing it on line 66

(/usr/share/texlive/texmf-dist/tex/latex/fontspec/fontspec-patches.sty
Package: fontspec-patches 2012/05/06 v2.2b Advanced font selection for XeLaTeX/
LuaLaTeX

(/usr/share/texlive/texmf-dist/tex/latex/base/fixltx2e.sty
Package: fixltx2e 2006/09/13 v1.1m fixes to LaTeX
LaTeX Info: Redefining \em on input line 420.
LaTeX Info: The control sequence `\[' is already robust on input line 471.
LaTeX Info: The control sequence `\]' is already robust on input line 472.
)
LaTeX Info: Redefining \em on input line 22.
LaTeX Info: Redefining \emph on input line 29.
LaTeX Info: Redefining \- on input line 32.

*************************************************
* LaTeX warning: "xparse/redefine-command"
* 
* Redefining document command \oldstylenums with arg. spec. 'm' on line 107.
*************************************************
.................................................
. LaTeX info: "xparse/define-command"
. 
. Defining document command \liningnums with arg. spec. 'm' on line 111.
.................................................
) (/usr/share/texlive/texmf-dist/tex/latex/fontspec/fontspec-xetex.sty
Package: fontspec-xetex 2012/05/06 v2.2b Advanced font selection for XeLaTeX/Lu
aLaTeX

(/usr/share/texlive/texmf-dist/tex/latex/base/fontenc.sty
Package: fontenc 2005/09/27 v1.99g Standard LaTeX package

(/usr/share/texlive/texmf-dist/tex/latex/euenc/eu1enc.def
File: eu1enc.def 2010/05/27 v0.1h Experimental Unicode font encodings
)
LaTeX Font Info:    Try loading font information for EU1+lmr on input line 100.


(/usr/share/texlive/texmf-dist/tex/latex/euenc/eu1lmr.fd
File: eu1lmr.fd 2009/10/30 v1.6 Font defs for Latin Modern
))
(/usr/share/texlive/texmf-dist/tex/xelatex/xunicode/xunicode.sty
File: xunicode.sty 2011/09/09 v0.981 provides access to latin accents and many 
other characters in Unicode lower plane

(/usr/share/texmf/tex/latex/tipa/t3enc.def
File: t3enc.def 2001/12/31 T3 encoding
LaTeX Font Info:    Try loading font information for EU1+lmss on input line 357
.

(/usr/share/texlive/texmf-dist/tex/latex/euenc/eu1lmss.fd
File: eu1lmss.fd 2009/10/30 v1.6 Font defs for Latin Modern
))
\tipaTiiicode=\count289
\tipasavetokens=\toks26
\tipachecktokens=\toks27
)
.................................................
. LaTeX info: "xparse/define-command"
. 
. Defining document command \fontspec with arg. spec. 'O{}m' on line 39.
.................................................
.................................................
. LaTeX info: "xparse/define-command"
. 
. Defining document command \setmainfont with arg. spec. 'O{}m' on line 43.
.................................................
.................................................
. LaTeX info: "xparse/define-command"
. 
. Defining document command \setsansfont with arg. spec. 'O{}m' on line 47.
.................................................
.................................................
. LaTeX info: "xparse/define-command"
. 
. Defining document command \setmonofont with arg. spec. 'O{}m' on line 51.
.................................................
.................................................
. LaTeX info: "xparse/define-command"
. 
. Defining document command \setmathrm with arg. spec. 'O{}m' on line 59.
.................................................
.................................................
. LaTeX info: "xparse/define-command"
. 
. Defining document command \setboldmathrm with arg. spec. 'O{}m' on line 62.
.................................................
.................................................
. LaTeX info: "xparse/define-command"
. 
. Defining document command \setmathsf with arg. spec. 'O{}m' on line 65.
.................................................
.................................................
. LaTeX info: "xparse/define-command"
. 
. Defining document command \setmathtt with arg. spec. 'O{}m' on line 68.
.................................................
.................................................
. LaTeX info: "xparse/define-command"
. 
. Defining document command \newfontfamily with arg. spec. 'mO{}m' on line 84.
.................................................
.................................................
. LaTeX info: "xparse/define-command"
. 
. Defining document command \newfontface with arg. spec. 'mO{}m' on line 87.
.................................................
.................................................
. LaTeX info: "xparse/define-command"
. 
. Defining document command \defaultfontfeatures with arg. spec. 'm' on line
. 91.
.................................................
.................................................
. LaTeX info: "xparse/define-command"
. 
. Defining document command \addfontfeatures with arg. spec. 'm' on line 107.
.................................................
.................................................
. LaTeX info: "xparse/define-command"
. 
. Defining document command \newfontfeature with arg. spec. 'mm' on line 118.
.................................................
.................................................
. LaTeX info: "xparse/define-command"
. 
. Defining document command \newAATfeature with arg. spec. 'mmmm' on line 125.
.................................................
.................................................
. LaTeX info: "xparse/define-command"
. 
. Defining document command \newICUfeature with arg. spec. 'mmm' on line 132.
.................................................
.................................................
. LaTeX info: "xparse/define-command"
. 
. Defining document command \aliasfontfeature with arg. spec. 'mm' on line
. 159.
.................................................
.................................................
. LaTeX info: "xparse/define-command"
. 
. Defining document command \aliasfontfeatureoption with arg. spec. 'mmm' on
. line 164.
.................................................
.................................................
. LaTeX info: "xparse/define-command"
. 
. Defining document command \newfontscript with arg. spec. 'mm' on line 169.
.................................................
.................................................
. LaTeX info: "xparse/define-command"
. 
. Defining document command \newfontlanguage with arg. spec. 'mm' on line 192.
.................................................
.................................................
. LaTeX info: "xparse/define-command"
. 
. Defining document command \DeclareFontsExtensions with arg. spec. 'm' on
. line 211.
.................................................
Variant \prop_gput:cnV already defined; not changing it on line 485
Variant \prop_gput:cnx already defined; not changing it on line 486
\l_fontspec_tmp_int=\count290
LaTeX Info: Redefining \itshape on input line 1893.
LaTeX Info: Redefining \slshape on input line 1897.
LaTeX Info: Redefining \scshape on input line 1901.
LaTeX Info: Redefining \upshape on input line 1905.

(/usr/share/texlive/texmf-dist/tex/latex/fontspec/fontspec.cfg)))
(/usr/share/texlive/texmf-dist/tex/latex/xkeyval/xkeyval.sty
Package: xkeyval 2008/08/13 v2.6a package option processing (HA)

(/usr/share/texlive/texmf-dist/tex/generic/xkeyval/xkeyval.tex
\XKV@toks=\toks28
\XKV@tempa@toks=\toks29
\XKV@depth=\count291
File: xkeyval.tex 2008/08/13 v2.6a key=value parser (HA)
))
\c@eu@=\count292
\c@eu@i=\count293
\c@mkern=\count294
)
\g_fontspec_family_ArnoPro_int=\count295
.................................................
. fontspec info: "defining-font"
. 
. Font family 'ArnoPro(0)' created for font 'ArnoPro' with options [Path =
. fonts/,Extension = .otf, UprightFont=ArnoPro-Regular, BoldFont=ArnoPro-Bold,
. ItalicFont=ArnoPro-Italic, BoldItalicFont=ArnoPro-BoldItalic,
. Numbers={OldStyle,Proportional}].
. 
. This font family consists of the following shapes:
. 
. * 'normal' with NFSS spec.:
. <->"[fonts/ArnoPro-Regular.otf]/ICU:script=latn;language=DFLT;+onum;+pnum;"
. 
. * 'small caps' with NFSS spec.:
. 
. <->"[fonts/ArnoPro-Regular.otf]/ICU:script=latn;language=DFLT;+onum;+pnum;+sm
cp;"
. 
. * 'bold' with NFSS spec.:
. <->"[fonts/ArnoPro-Bold.otf]/ICU:script=latn;language=DFLT;+onum;+pnum;"
. 
. * 'bold small caps' with NFSS spec.:
. 
. <->"[fonts/ArnoPro-Bold.otf]/ICU:script=latn;language=DFLT;+onum;+pnum;+smcp;
"
. 
. * 'italic' with NFSS spec.:
. <->"[fonts/ArnoPro-Italic.otf]/ICU:script=latn;language=DFLT;+onum;+pnum;"
. 
. * 'italic small caps' with NFSS spec.:
. 
. <->"[fonts/ArnoPro-Italic.otf]/ICU:script=latn;language=DFLT;+onum;+pnum;+smc
p;"
. 
. * 'bold italic' with NFSS spec.:
. 
. <->"[fonts/ArnoPro-BoldItalic.otf]/ICU:script=latn;language=DFLT;+onum;+pnum;
"
. 
. * 'bold italic small caps' with NFSS spec.:
. 
. <->"[fonts/ArnoPro-BoldItalic.otf]/ICU:script=latn;language=DFLT;+onum;+pnum;
+smcp;"
.................................................
\symDigits:m:n=\mathgroup6
.................................................
. fontspec info: "defining-font"
. 
. Font family 'ArnoPro(0)' created for font 'ArnoPro' with options [Path =
. fonts/,Extension = .otf, UprightFont=ArnoPro-Regular, BoldFont=ArnoPro-Bold,
. ItalicFont=ArnoPro-Italic, BoldItalicFont=ArnoPro-BoldItalic,
. Numbers={OldStyle,Proportional}].
. 
. This font family consists of the following shapes:
.................................................
\symLatin:m:n=\mathgroup7
\symLatin:m:it=\mathgroup8
.................................................
. fontspec info: "defining-font"
. 
. Font family 'ArnoPro(0)' created for font 'ArnoPro' with options [Path =
. fonts/,Extension = .otf, UprightFont=ArnoPro-Regular, BoldFont=ArnoPro-Bold,
. ItalicFont=ArnoPro-Italic, BoldItalicFont=ArnoPro-BoldItalic,
. Numbers={OldStyle,Proportional}].
. 
. This font family consists of the following shapes:
.................................................
\symGreek:m:n=\mathgroup9
\symGreek:m:it=\mathgroup10
.................................................
. fontspec info: "defining-font"
. 
. Font family 'ArnoPro(1)' created for font 'ArnoPro' with options [Path =
. fonts/,Extension = .otf, UprightFont=ArnoPro-Regular, BoldFont=ArnoPro-Bold,
. ItalicFont=ArnoPro-Italic, BoldItalicFont=ArnoPro-BoldItalic ].
. 
. This font family consists of the following shapes:
. 
. * 'normal' with NFSS spec.:
. <->"[fonts/ArnoPro-Regular.otf]/ICU:script=latn;language=DFLT;"
. 
. * 'small caps' with NFSS spec.:
. <->"[fonts/ArnoPro-Regular.otf]/ICU:script=latn;language=DFLT;+smcp;"
. 
. * 'bold' with NFSS spec.:
. <->"[fonts/ArnoPro-Bold.otf]/ICU:script=latn;language=DFLT;"
. 
. * 'bold small caps' with NFSS spec.:
. <->"[fonts/ArnoPro-Bold.otf]/ICU:script=latn;language=DFLT;+smcp;"
. 
. * 'italic' with NFSS spec.:
. <->"[fonts/ArnoPro-Italic.otf]/ICU:script=latn;language=DFLT;"
. 
. * 'italic small caps' with NFSS spec.:
. <->"[fonts/ArnoPro-Italic.otf]/ICU:script=latn;language=DFLT;+smcp;"
. 
. * 'bold italic' with NFSS spec.:
. <->"[fonts/ArnoPro-BoldItalic.otf]/ICU:script=latn;language=DFLT;"
. 
. * 'bold italic small caps' with NFSS spec.:
. <->"[fonts/ArnoPro-BoldItalic.otf]/ICU:script=latn;language=DFLT;+smcp;"
.................................................
LaTeX Font Info:    Redeclaring math alphabet \mathrm on input line 100.
LaTeX Font Info:    Overwriting math alphabet `\mathrm' in version `bold'
(Font)                  EU1/ArnoPro(1)/m/n --> EU1/ArnoPro(1)/bx/n on input lin
e 100.
LaTeX Font Info:    Redeclaring math alphabet \mathit on input line 100.
LaTeX Font Info:    Overwriting math alphabet `\mathit' in version `normal'
(Font)                  OT1/cmr/m/it --> EU1/ArnoPro(1)/m/it on input line 100.

LaTeX Font Info:    Overwriting math alphabet `\mathit' in version `bold'
(Font)                  OT1/cmr/bx/it --> EU1/ArnoPro(1)/m/it on input line 100
.
LaTeX Font Info:    Redeclaring math alphabet \mathbf on input line 100.
LaTeX Font Info:    Overwriting math alphabet `\mathbf' in version `normal'
(Font)                  OT1/cmr/bx/n --> EU1/ArnoPro(1)/bx/n on input line 100.

LaTeX Font Info:    Overwriting math alphabet `\mathbf' in version `bold'
(Font)                  OT1/cmr/bx/n --> EU1/ArnoPro(1)/bx/n on input line 100.

LaTeX Font Info:    Overwriting math alphabet `\mathit' in version `bold'
(Font)                  EU1/ArnoPro(1)/m/it --> EU1/ArnoPro(1)/bx/it on input l
ine 100.
\symOperators:m:n=\mathgroup11

(/usr/share/texlive/texmf-dist/tex/latex/xltxtra/xltxtra.sty
Package: xltxtra 2010/09/20 v0.5e Improvements for the "XeLaTeX" format

(/usr/share/texlive/texmf-dist/tex/latex/realscripts/realscripts.sty
Package: realscripts 2010/09/30 v0.3 Access OpenType subscripts and superscript
s
.................................................
. LaTeX info: "xparse/define-command"
. 
. Defining document command \fakesubscript with arg. spec. 'm' on line 19.
.................................................
.................................................
. LaTeX info: "xparse/define-command"
. 
. Defining document command \fakesuperscript with arg. spec. 'm' on line 22.
.................................................

*************************************************
* LaTeX warning: "xparse/redefine-command"
* 
* Redefining document command \textsubscript with arg. spec. 's' on line 25.
*************************************************
*************************************************
* LaTeX warning: "xparse/redefine-command"
* 
* Redefining document command \textsuperscript with arg. spec. 's' on line 28.
*************************************************
.................................................
. LaTeX info: "xparse/define-command"
. 
. Defining document command \realsubscript with arg. spec. 'm' on line 45.
.................................................
.................................................
. LaTeX info: "xparse/define-command"
. 
. Defining document command \realsuperscript with arg. spec. 'm' on line 60.
.................................................
.................................................
. LaTeX info: "xparse/define-command"
. 
. Defining document command \textsubsuperscript with arg. spec. 'sO{l}mm' on
. line 137.
.................................................
.................................................
. LaTeX info: "xparse/define-command"
. 
. Defining document command \textsupersubscript with arg. spec. 'sO{l}mm' on
. line 140.
.................................................
\subsupersep=\dimen257
) (/usr/share/texlive/texmf-dist/tex/latex/metalogo/metalogo.sty
Package: metalogo 2010/05/29 v0.12 Extended TeX logo macros
\xl@everylogo=\toks30
\xl@@everylogo=\toks31
LaTeX Info: Redefining \TeX on input line 193.
LaTeX Info: Redefining \LaTeX on input line 202.
LaTeX Info: Redefining \LaTeXe on input line 219.
)
\xxt@tempbox=\box47
)
*************************************************
* fontspec warning: "icu-feature-not-exist-in-font"
* 
* OpenType feature 'Contextuals=Swash,Alternate' (+cswh) not available for
* font 'ArnoPro-Regular' with script 'Latin' and language 'Default'.
*************************************************
*************************************************
* fontspec warning: "icu-feature-not-exist-in-font"
* 
* OpenType feature 'Contextuals=Swash,Alternate' (+cswh) not available for
* font 'ArnoPro-Regular' with script 'Latin' and language 'Default'.
*************************************************
*************************************************
* fontspec warning: "icu-feature-not-exist-in-font"
* 
* OpenType feature 'Contextuals=Swash,Alternate' (+cswh) not available for
* font 'ArnoPro-Regular' with script 'Latin' and language 'Default'.
*************************************************
*************************************************
* fontspec warning: "icu-feature-not-exist-in-font"
* 
* OpenType feature 'Contextuals=Swash,Alternate' (+cswh) not available for
* font 'ArnoPro-Regular' with script 'Latin' and language 'Default'.
*************************************************
*************************************************
* fontspec warning: "icu-feature-not-exist-in-font"
* 
* OpenType feature 'Contextuals=Swash,Alternate' (+cswh) not available for
* font 'ArnoPro-Bold' with script 'Latin' and language 'Default'.
*************************************************
*************************************************
* fontspec warning: "icu-feature-not-exist-in-font"
* 
* OpenType feature 'Contextuals=Swash,Alternate' (+cswh) not available for
* font 'ArnoPro-Bold' with script 'Latin' and language 'Default'.
*************************************************
*************************************************
* fontspec warning: "icu-feature-not-exist-in-font"
* 
* OpenType feature 'Contextuals=Swash,Alternate' (+cswh) not available for
* font 'ArnoPro-Bold' with script 'Latin' and language 'Default'.
*************************************************
*************************************************
* fontspec warning: "icu-feature-not-exist-in-font"
* 
* OpenType feature 'Contextuals=Swash,Alternate' (+cswh) not available for
* font 'ArnoPro-Bold' with script 'Latin' and language 'Default'.
*************************************************
.................................................
. fontspec info: "defining-font"
. 
. Font family 'ArnoPro(2)' created for font 'ArnoPro' with options
. [Mapping=tex-text, Numbers=OldStyle,Path = fonts/, Extension = .otf,
. Mapping=tex-text, Numbers=OldStyle, Ligatures={Common},
. SizeFeatures={{Size={-10}, Font=*-RegularCaption}, {Size={10-13.0}, Font=*},
. {Size={13.01-19.9}, Font=*-RegularSubhead, Ligatures=Rare,
. Contextuals={Swash,Alternate}}, {Size={19.91-},Font=*-RegularDisplay,
. Ligatures=Rare, Contextuals={Swash,Alternate}}},
. UprightFont=ArnoPro-Regular, BoldFont=ArnoPro-Bold,
. ItalicFont=ArnoPro-Italic, BoldItalicFont=ArnoPro-BoldItalic ].
. 
. This font family consists of the following shapes:
. 
. * 'normal' with NFSS spec.:
. 
. <-10>"[fonts/ArnoPro-Regular-RegularCaption.otf]/ICU:script=latn;language=DFL
T;mapping=tex-text;+onum;mapping=tex-text;+onum;+liga;"<10-13.0>"[fonts/ArnoPro
-Regular.otf]/ICU:script=latn;language=DFLT;mapping=tex-text;+onum;mapping=tex-
text;+onum;+liga;"<13.01-19.9>"[fonts/ArnoPro-Regular-RegularSubhead.otf]/ICU:s
cript=latn;language=DFLT;mapping=tex-text;+onum;mapping=tex-text;+onum;+liga;+d
lig;+calt;"<19.91->"[fonts/ArnoPro-Regular-RegularDisplay.otf]/ICU:script=latn;
language=DFLT;mapping=tex-text;+onum;mapping=tex-text;+onum;+liga;+dlig;+calt;"

. 
. * 'small caps' with NFSS spec.:
. 
. <-10>"[fonts/ArnoPro-Regular-RegularCaption.otf]/ICU:script=latn;language=DFL
T;mapping=tex-text;+onum;mapping=tex-text;+onum;+liga;+smcp;"<10-13.0>"[fonts/A
rnoPro-Regular.otf]/ICU:script=latn;language=DFLT;mapping=tex-text;+onum;mappin
g=tex-text;+onum;+liga;+smcp;"<13.01-19.9>"[fonts/ArnoPro-Regular-RegularSubhea
d.otf]/ICU:script=latn;language=DFLT;mapping=tex-text;+onum;mapping=tex-text;+o
num;+liga;+smcp;+dlig;+calt;"<19.91->"[fonts/ArnoPro-Regular-RegularDisplay.otf
]/ICU:script=latn;language=DFLT;mapping=tex-text;+onum;mapping=tex-text;+onum;+
liga;+smcp;+dlig;+calt;"
. 
. * 'bold' with NFSS spec.:
. 
. <-10>"[fonts/ArnoPro-Bold-RegularCaption.otf]/ICU:script=latn;language=DFLT;m
apping=tex-text;+onum;mapping=tex-text;+onum;+liga;"<10-13.0>"[fonts/ArnoPro-Bo
ld.otf]/ICU:script=latn;language=DFLT;mapping=tex-text;+onum;mapping=tex-text;+
onum;+liga;"<13.01-19.9>"[fonts/ArnoPro-Bold-RegularSubhead.otf]/ICU:script=lat
n;language=DFLT;mapping=tex-text;+onum;mapping=tex-text;+onum;+liga;+dlig;+calt
;"<19.91->"[fonts/ArnoPro-Bold-RegularDisplay.otf]/ICU:script=latn;language=DFL
T;mapping=tex-text;+onum;mapping=tex-text;+onum;+liga;+dlig;+calt;"
. 
. * 'bold small caps' with NFSS spec.:
. 
. <-10>"[fonts/ArnoPro-Bold-RegularCaption.otf]/ICU:script=latn;language=DFLT;m
apping=tex-text;+onum;mapping=tex-text;+onum;+liga;+smcp;"<10-13.0>"[fonts/Arno
Pro-Bold.otf]/ICU:script=latn;language=DFLT;mapping=tex-text;+onum;mapping=tex-
text;+onum;+liga;+smcp;"<13.01-19.9>"[fonts/ArnoPro-Bold-RegularSubhead.otf]/IC
U:script=latn;language=DFLT;mapping=tex-text;+onum;mapping=tex-text;+onum;+liga
;+smcp;+dlig;+calt;"<19.91->"[fonts/ArnoPro-Bold-RegularDisplay.otf]/ICU:script
=latn;language=DFLT;mapping=tex-text;+onum;mapping=tex-text;+onum;+liga;+smcp;+
dlig;+calt;"
. 
. * 'italic' with NFSS spec.:
. 
. <-10>"[fonts/ArnoPro-Italic-RegularCaption.otf]/ICU:script=latn;language=DFLT
;mapping=tex-text;+onum;mapping=tex-text;+onum;+liga;"<10-13.0>"[fonts/ArnoPro-
Italic.otf]/ICU:script=latn;language=DFLT;mapping=tex-text;+onum;mapping=tex-te
xt;+onum;+liga;"<13.01-19.9>"[fonts/ArnoPro-Italic-RegularSubhead.otf]/ICU:scri
pt=latn;language=DFLT;mapping=tex-text;+onum;mapping=tex-text;+onum;+liga;+dlig
;+cswh;+calt;"<19.91->"[fonts/ArnoPro-Italic-RegularDisplay.otf]/ICU:script=lat
n;language=DFLT;mapping=tex-text;+onum;mapping=tex-text;+onum;+liga;+dlig;+cswh
;+calt;"
. 
. * 'italic small caps' with NFSS spec.:
. 
. <-10>"[fonts/ArnoPro-Italic-RegularCaption.otf]/ICU:script=latn;language=DFLT
;mapping=tex-text;+onum;mapping=tex-text;+onum;+liga;+smcp;"<10-13.0>"[fonts/Ar
noPro-Italic.otf]/ICU:script=latn;language=DFLT;mapping=tex-text;+onum;mapping=
tex-text;+onum;+liga;+smcp;"<13.01-19.9>"[fonts/ArnoPro-Italic-RegularSubhead.o
tf]/ICU:script=latn;language=DFLT;mapping=tex-text;+onum;mapping=tex-text;+onum
;+liga;+smcp;+dlig;+cswh;+calt;"<19.91->"[fonts/ArnoPro-Italic-RegularDisplay.o
tf]/ICU:script=latn;language=DFLT;mapping=tex-text;+onum;mapping=tex-text;+onum
;+liga;+smcp;+dlig;+cswh;+calt;"
. 
. * 'bold italic' with NFSS spec.:
. 
. <-10>"[fonts/ArnoPro-BoldItalic-RegularCaption.otf]/ICU:script=latn;language=
DFLT;mapping=tex-text;+onum;mapping=tex-text;+onum;+liga;"<10-13.0>"[fonts/Arno
Pro-BoldItalic.otf]/ICU:script=latn;language=DFLT;mapping=tex-text;+onum;mappin
g=tex-text;+onum;+liga;"<13.01-19.9>"[fonts/ArnoPro-BoldItalic-RegularSubhead.o
tf]/ICU:script=latn;language=DFLT;mapping=tex-text;+onum;mapping=tex-text;+onum
;+liga;+dlig;+cswh;+calt;"<19.91->"[fonts/ArnoPro-BoldItalic-RegularDisplay.otf
]/ICU:script=latn;language=DFLT;mapping=tex-text;+onum;mapping=tex-text;+onum;+
liga;+dlig;+cswh;+calt;"
. 
. * 'bold italic small caps' with NFSS spec.:
. 
. <-10>"[fonts/ArnoPro-BoldItalic-RegularCaption.otf]/ICU:script=latn;language=
DFLT;mapping=tex-text;+onum;mapping=tex-text;+onum;+liga;+smcp;"<10-13.0>"[font
s/ArnoPro-BoldItalic.otf]/ICU:script=latn;language=DFLT;mapping=tex-text;+onum;
mapping=tex-text;+onum;+liga;+smcp;"<13.01-19.9>"[fonts/ArnoPro-BoldItalic-Regu
larSubhead.otf]/ICU:script=latn;language=DFLT;mapping=tex-text;+onum;mapping=te
x-text;+onum;+liga;+smcp;+dlig;+cswh;+calt;"<19.91->"[fonts/ArnoPro-BoldItalic-
RegularDisplay.otf]/ICU:script=latn;language=DFLT;mapping=tex-text;+onum;mappin
g=tex-text;+onum;+liga;+smcp;+dlig;+cswh;+calt;"
.................................................
)
No file thesis.aux.
\openout1 = `thesis.aux'.

LaTeX Font Info:    Checking defaults for OML/cmm/m/it on input line 7.
LaTeX Font Info:    ... okay on input line 7.
LaTeX Font Info:    Checking defaults for T1/cmr/m/n on input line 7.
LaTeX Font Info:    ... okay on input line 7.
LaTeX Font Info:    Checking defaults for OT1/cmr/m/n on input line 7.
LaTeX Font Info:    ... okay on input line 7.
LaTeX Font Info:    Checking defaults for OMS/cmsy/m/n on input line 7.
LaTeX Font Info:    ... okay on input line 7.
LaTeX Font Info:    Checking defaults for OMX/cmex/m/n on input line 7.
LaTeX Font Info:    ... okay on input line 7.
LaTeX Font Info:    Checking defaults for U/cmr/m/n on input line 7.
LaTeX Font Info:    ... okay on input line 7.
LaTeX Font Info:    Checking defaults for PD1/pdf/m/n on input line 7.
LaTeX Font Info:    ... okay on input line 7.
LaTeX Font Info:    Checking defaults for PU/pdf/m/n on input line 7.
LaTeX Font Info:    ... okay on input line 7.
LaTeX Font Info:    Checking defaults for EU1/lmr/m/n on input line 7.
LaTeX Font Info:    ... okay on input line 7.
LaTeX Font Info:    Checking defaults for T3/cmr/m/n on input line 7.
LaTeX Font Info:    Try loading font information for T3+cmr on input line 7.
(/usr/share/texmf/tex/latex/tipa/t3cmr.fd
File: t3cmr.fd 2001/12/31 TIPA font definitions
)
LaTeX Font Info:    ... okay on input line 7.
\AtBeginShipoutBox=\box48
Package hyperref Info: Link coloring ON on input line 7.

(/usr/share/texlive/texmf-dist/tex/latex/hyperref/nameref.sty
Package: nameref 2010/04/30 v2.40 Cross-referencing by name of section

(/usr/share/texlive/texmf-dist/tex/generic/oberdiek/gettitlestring.sty
Package: gettitlestring 2010/12/03 v1.4 Cleanup title references (HO)
)
\c@section@level=\count296
)
LaTeX Info: Redefining \ref on input line 7.
LaTeX Info: Redefining \pageref on input line 7.
LaTeX Info: Redefining \nameref on input line 7.
\@outlinefile=\write3
\openout3 = `thesis.out'.



Package hyperref Warning: Rerun to get /PageLabels entry.

\c@lstlisting=\count297
Configuring pdfsync
\PDFSYNC@ut=\write4
\openout4 = `thesis.pdfsync'.

\PDFSYNCf@li@=\count298
\PDFSYNC@rder=\count299
**** pdfsync.sty: Synchronizing at \everypar
\PDFSYNCeveryp@r=\toks32
**** pdfsync.sty: Synchronizing at \everymath
\PDFSYNCeverym@th=\toks33
**** pdfsync.sty: Synchronizing at \everyhbox
\PDFSYNCeveryhb@x=\toks34
**** pdfsync.sty: Synchronizing at \everyvbox
\PDFSYNCeveryvb@x=\toks35
**** pdfsync.sty: started
*geometry* driver: auto-detecting
*geometry* detected driver: xetex
*geometry* verbose mode - [ preamble ] result:
* driver: xetex
* paper: letterpaper
* layout: <same size as paper>
* layoutoffset:(h,v)=(0.0pt,0.0pt)
* modes: 
* h-part:(L,W,R)=(126.4725pt, 361.34999pt, 126.4725pt)
* v-part:(T,H,B)=(95.39737pt, 556.47656pt, 143.09605pt)
* \paperwidth=614.295pt
* \paperheight=794.96999pt
* \textwidth=361.34999pt
* \textheight=556.47656pt
* \oddsidemargin=54.20251pt
* \evensidemargin=54.20251pt
* \topmargin=-8.74641pt
* \headheight=12.0pt
* \headsep=19.8738pt
* \topskip=11.0pt
* \footskip=27.46295pt
* \marginparwidth=53.0pt
* \marginparsep=7.0pt
* \columnsep=10.0pt
* \skip\footins=10.0pt plus 4.0pt minus 2.0pt
* \hoffset=0.0pt
* \voffset=0.0pt
* \mag=1000
* \@twocolumnfalse
* \@twosidefalse
* \@mparswitchfalse
* \@reversemarginfalse
* (1in=72.27pt=25.4mm, 1cm=28.453pt)

Package caption Info: Begin \AtBeginDocument code.
Package caption Info: End \AtBeginDocument code.
(./frontmatter/coverpage.tex)
! Font EU1/ArnoPro(2)/m/n/24.88=[fonts/ArnoPro-Regular-RegularDisplay.otf]/ICU:
script=latn;language=DFLT;mapping=tex-text;+onum;mapping=tex-text;+onum;+liga;+
dlig;+calt; at 24.88pt not loadable: Metric (TFM) file or installed font not fo
und.
<to be read again> 
                   relax 
l.11 \maketitle
               
? x
 
Here is how much of TeX's memory you used:
 24066 strings out of 494003
 454630 string characters out of 3152810
 523306 words of memory out of 3000000
 27062 multiletter control sequences out of 15000+200000
 4036 words of font info for 27 fonts, out of 3000000 for 9000
 1144 hyphenation exceptions out of 8191
 49i,5n,53p,647b,222s stack positions out of 5000i,500n,10000p,200000b,50000s
No pages of output.
